Warning: Design 'MazeRunner' has '3' unresolved references. For more detailed information, use the "link" command. (UID-341)
Information: Updating design information... (UID-85)
 
****************************************
Report : timing
        -path full
        -delay min
        -max_paths 1
Design : MazeRunner
Version: U-2022.12-SP4
Date   : Sun Dec 10 21:21:39 2023
****************************************

Operating Conditions: tt0p85v25c   Library: saed32lvt_tt0p85v25c
Wire Load Model Mode: enclosed

  Startpoint: iIR/smpl_cnt_reg[0]
              (rising edge-triggered flip-flop clocked by clk)
  Endpoint: iIR/smpl_cnt_reg[0]
            (rising edge-triggered flip-flop clocked by clk)
  Path Group: clk
  Path Type: min

  Des/Clust/Port     Wire Load Model       Library
  ------------------------------------------------
  MazeRunner         16000                 saed32lvt_tt0p85v25c

  Point                                    Incr       Path
  -----------------------------------------------------------
  clock clk (rise edge)                    0.00       0.00
  clock network delay (ideal)              0.00       0.00
  iIR/smpl_cnt_reg[0]/CLK (DFFX1_LVT)      0.00       0.00 r
  iIR/smpl_cnt_reg[0]/QN (DFFX1_LVT)       0.06       0.06 f
  U1876/Y (AO22X1_LVT)                     0.05       0.11 f
  iIR/smpl_cnt_reg[0]/D (DFFX1_LVT)        0.01       0.12 f
  data arrival time                                   0.12

  clock clk (rise edge)                    0.00       0.00
  clock network delay (ideal)              0.00       0.00
  clock uncertainty                        0.12       0.12
  iIR/smpl_cnt_reg[0]/CLK (DFFX1_LVT)      0.00       0.12 r
  library hold time                       -0.01       0.12
  data required time                                  0.12
  -----------------------------------------------------------
  data required time                                  0.12
  data arrival time                                  -0.12
  -----------------------------------------------------------
  slack (MET)                                         0.00


1
